<?xml version="1.0" encoding="UTF-8"?>
<!-- Generated by org.testng.reporters.JUnitReportReporter -->
<testsuite hostname="PRINTSERVER" failures="0" tests="6" name="com.google.com.DemoCart.OHRMLoginPage" time="19.546" errors="0" timestamp="2021-10-04T13:39:26 IST" skipped="0">
  <testcase classname="com.google.com.DemoCart.OHRMLoginPage" name="TC_001" time="1.717"/>
  <system-out/>
  <testcase classname="com.google.com.DemoCart.OHRMLoginPage" name="TC_002" time="1.148"/>
  <system-out/>
  <testcase classname="com.google.com.DemoCart.OHRMLoginPage" name="TC_003" time="0.796"/>
  <system-out/>
  <testcase classname="com.google.com.DemoCart.OHRMLoginPage" name="TC_004" time="9.340"/>
  <system-out/>
  <testcase classname="com.google.com.DemoCart.OHRMLoginPage" name="quickLanguageTest" time="0.118"/>
  <system-out/>
  <testcase classname="com.google.com.DemoCart.OHRMLoginPage" name="recruitment" time="6.427"/>
  <system-out/>
</testsuite> <!-- com.google.com.DemoCart.OHRMLoginPage -->
