<?xml version="1.0" encoding="UTF-8"?>
<!-- Generated by org.testng.reporters.JUnitReportReporter -->
<testsuite hostname="PRINTSERVER" failures="0" tests="1" name="com.google.com.DemoCart.TestClass" time="0.022" errors="0" timestamp="2021-10-06T10:27:14 IST" skipped="0">
  <testcase classname="com.google.com.DemoCart.TestClass" name="openBrowser" time="0.022"/>
  <system-out/>
</testsuite> <!-- com.google.com.DemoCart.TestClass -->
