<?xml version="1.0" encoding="UTF-8"?>
<!-- Generated by org.testng.reporters.JUnitReportReporter -->
<testsuite hostname="PRINTSERVER" failures="0" tests="1" name="com.google.com.DemoCart.App" time="0.013" errors="0" timestamp="2021-09-25T09:04:00 IST" skipped="0">
  <testcase classname="com.google.com.DemoCart.App" name="go" time="0.013"/>
  <system-out/>
</testsuite> <!-- com.google.com.DemoCart.App -->
